Arguments: 
  C:\Program Files\nodejs\node.exe C:\Users\atomi\AppData\Roaming\npm\node_modules\yarn\bin\yarn.js

PATH: 
  C:\Users\atomi\bin;C:\Program Files\Git\mingw64\bin;C:\Program Files\Git\usr\local\bin;C:\Program Files\Git\usr\bin;C:\Program Files\Git\usr\bin;C:\Program Files\Git\mingw64\bin;C:\Program Files\Git\usr\bin;C:\Users\atomi\bin;C:\ProgramData\Oracle\Java\javapath;C:\Program Files (x86)\Common Files\Intel\Shared Libraries\redist\intel64\compiler;C:\Windows\system32;C:\Windows;C:\Windows\System32\Wbem;C:\Windows\System32\WindowsPowerShell\v1.0;C:\Windows\System32\OpenSSH;C:\Program Files\Git\cmd;C:\Program Files\nodejs;D:\¹ Programas\Microsoft VS Code\bin;C:\Users\atomi\AppData\Local\Microsoft\WindowsApps;C:\Users\atomi\AppData\Local\Programs\Microsoft VS Code\bin;C:\Users\atomi\AppData\Roaming\npm;C:\Users\atomi\AppData\Local\GitHubDesktop\bin;C:\Program Files\Git\usr\bin\vendor_perl;C:\Program Files\Git\usr\bin\core_perl

Yarn version: 
  1.22.11

Node version: 
  14.17.5

Platform: 
  win32 x64

Trace: 
  SyntaxError: C:\Users\atomi\Documents\¹ windows-10\☰ Linguagens\₁ HTML e CSS\3 - Revista Digital\index-news\package.json: Unexpected token } in JSON at position 255
      at JSON.parse (<anonymous>)
      at C:\Users\atomi\AppData\Roaming\npm\node_modules\yarn\lib\cli.js:1625:59
      at Generator.next (<anonymous>)
      at step (C:\Users\atomi\AppData\Roaming\npm\node_modules\yarn\lib\cli.js:310:30)
      at C:\Users\atomi\AppData\Roaming\npm\node_modules\yarn\lib\cli.js:321:13

npm manifest: 
  {
    "dependencies": {
      "autoprefixer": "^10.3.4",
      "commitizen": "^4.2.4",
      "postcss-nested": "^5.0.6"
    },
    "scripts": {
      "commit": "cz",
      "build": "postcss css/global.css css/index.css -o css/postcss-global.css  css/postcss-out.css",
  
    },
    "devDependencies": {
      "cz-conventional-changelog": "3.3.0",
      "postcss": "^8.3.6",
      "postcss-cli": "^8.3.1"
    },
    "config": {
      "commitizen": {
        "path": "./node_modules/cz-conventional-changelog"
      }
    }
  }

yarn manifest: 
  No manifest

Lockfile: 
  
